d:\github\democode\spaceinvaders\build\spaceinvaders\spaceinvaders\debug\vc120.pdb
d:\github\democode\spaceinvaders\build\spaceinvaders\spaceinvaders\debug\vc120.idb
d:\github\democode\spaceinvaders\build\spaceinvaders\spaceinvaders\debug\rendersystem.obj
d:\github\democode\spaceinvaders\build\spaceinvaders\spaceinvaders\debug\staticanimatedspritescomponent.obj
d:\github\democode\spaceinvaders\build\spaceinvaders\spaceinvaders\debug\emptybehaviour.obj
d:\github\democode\spaceinvaders\build\spaceinvaders\spaceinvaders\debug\firebehaviour.obj
d:\github\democode\spaceinvaders\build\spaceinvaders\spaceinvaders\debug\simbinvaderslogic.obj
d:\github\democode\spaceinvaders\build\spaceinvaders\spaceinvaders\debug\soundsystem.obj
d:\github\democode\spaceinvaders\build\spaceinvaders\spaceinvaders\debug\entity.obj
d:\github\democode\spaceinvaders\build\spaceinvaders\spaceinvaders\debug\application.obj
d:\github\democode\spaceinvaders\build\spaceinvaders\spaceinvaders\debug\assert.obj
d:\github\democode\spaceinvaders\build\spaceinvaders\spaceinvaders\debug\entitysystem.obj
d:\github\democode\spaceinvaders\build\spaceinvaders\spaceinvaders\debug\eventmanager.obj
d:\github\democode\spaceinvaders\build\spaceinvaders\spaceinvaders\debug\events.obj
d:\github\democode\spaceinvaders\build\spaceinvaders\spaceinvaders\debug\gameoptions.obj
d:\github\democode\spaceinvaders\build\spaceinvaders\spaceinvaders\debug\hashedstring.obj
d:\github\democode\spaceinvaders\build\spaceinvaders\spaceinvaders\debug\main.obj
d:\github\democode\spaceinvaders\build\spaceinvaders\spaceinvaders\debug\resource.obj
d:\github\democode\spaceinvaders\build\spaceinvaders\spaceinvaders\debug\uisystem.obj
d:\github\democode\spaceinvaders\build\spaceinvaders\spaceinvaders\debug\audioresource.obj
d:\github\democode\spaceinvaders\build\spaceinvaders\spaceinvaders\debug\font.obj
d:\github\democode\spaceinvaders\build\spaceinvaders\spaceinvaders\debug\input.obj
d:\github\democode\spaceinvaders\build\spaceinvaders\spaceinvaders\debug\system.obj
d:\github\democode\spaceinvaders\build\spaceinvaders\spaceinvaders\debug\collisioncomponent.obj
d:\github\democode\spaceinvaders\build\spaceinvaders\spaceinvaders\debug\collisionsystem.obj
d:\github\democode\spaceinvaders\build\spaceinvaders\spaceinvaders\debug\animatedspritescomponent.obj
d:\github\democode\spaceinvaders\build\spaceinvaders\spaceinvaders\debug\fontresource.obj
d:\github\democode\spaceinvaders\build\spaceinvaders\spaceinvaders\debug\fontsystem.obj
d:\github\democode\spaceinvaders\build\spaceinvaders\spaceinvaders\debug\imageresource.obj
d:\github\democode\spaceinvaders\build\spaceinvaders\spaceinvaders\debug\spaceinvaders.tlog\cl.command.1.tlog
d:\github\democode\spaceinvaders\build\spaceinvaders\spaceinvaders\debug\spaceinvaders.tlog\cl.read.1.tlog
d:\github\democode\spaceinvaders\build\spaceinvaders\spaceinvaders\debug\spaceinvaders.tlog\cl.write.1.tlog
