d:\github\democode\spaceinvaders\build\spaceinvaders\daniloengine\debug\vc120.pdb
d:\github\democode\spaceinvaders\build\spaceinvaders\daniloengine\debug\vc120.idb
d:\github\democode\spaceinvaders\build\spaceinvaders\daniloengine\debug\rendersystem.obj
d:\github\democode\spaceinvaders\build\spaceinvaders\daniloengine\debug\staticanimatedspritescomponent.obj
d:\github\democode\spaceinvaders\build\spaceinvaders\daniloengine\debug\emptybehaviour.obj
d:\github\democode\spaceinvaders\build\spaceinvaders\daniloengine\debug\enemybehaviour.obj
d:\github\democode\spaceinvaders\build\spaceinvaders\daniloengine\debug\firebehaviour.obj
d:\github\democode\spaceinvaders\build\spaceinvaders\daniloengine\debug\simbinvaderslogic.obj
d:\github\democode\spaceinvaders\build\spaceinvaders\daniloengine\debug\usercontrolledbehaviour.obj
d:\github\democode\spaceinvaders\build\spaceinvaders\daniloengine\debug\soundsystem.obj
d:\github\democode\spaceinvaders\build\spaceinvaders\daniloengine\debug\componentmanager.obj
d:\github\democode\spaceinvaders\build\spaceinvaders\daniloengine\debug\entity.obj
d:\github\democode\spaceinvaders\build\spaceinvaders\daniloengine\debug\application.obj
d:\github\democode\spaceinvaders\build\spaceinvaders\daniloengine\debug\assert.obj
d:\github\democode\spaceinvaders\build\spaceinvaders\daniloengine\debug\entitysystem.obj
d:\github\democode\spaceinvaders\build\spaceinvaders\daniloengine\debug\eventmanager.obj
d:\github\democode\spaceinvaders\build\spaceinvaders\daniloengine\debug\events.obj
d:\github\democode\spaceinvaders\build\spaceinvaders\daniloengine\debug\gameoptions.obj
d:\github\democode\spaceinvaders\build\spaceinvaders\daniloengine\debug\hashedstring.obj
d:\github\democode\spaceinvaders\build\spaceinvaders\daniloengine\debug\main.obj
d:\github\democode\spaceinvaders\build\spaceinvaders\daniloengine\debug\resource.obj
d:\github\democode\spaceinvaders\build\spaceinvaders\daniloengine\debug\uisystem.obj
d:\github\democode\spaceinvaders\build\spaceinvaders\daniloengine\debug\audioresource.obj
d:\github\democode\spaceinvaders\build\spaceinvaders\daniloengine\debug\font.obj
d:\github\democode\spaceinvaders\build\spaceinvaders\daniloengine\debug\input.obj
d:\github\democode\spaceinvaders\build\spaceinvaders\daniloengine\debug\system.obj
d:\github\democode\spaceinvaders\build\spaceinvaders\daniloengine\debug\collisioncomponent.obj
d:\github\democode\spaceinvaders\build\spaceinvaders\daniloengine\debug\collisionsystem.obj
d:\github\democode\spaceinvaders\build\spaceinvaders\daniloengine\debug\animatedspritescomponent.obj
d:\github\democode\spaceinvaders\build\spaceinvaders\daniloengine\debug\fontresource.obj
d:\github\democode\spaceinvaders\build\spaceinvaders\daniloengine\debug\fontsystem.obj
d:\github\democode\spaceinvaders\build\spaceinvaders\daniloengine\debug\imageresource.obj
d:\github\democode\spaceinvaders\build\spaceinvaders\debug\daniloengine.lib
d:\github\democode\spaceinvaders\build\spaceinvaders\daniloengine\debug\daniloengine.tlog\cl.command.1.tlog
d:\github\democode\spaceinvaders\build\spaceinvaders\daniloengine\debug\daniloengine.tlog\cl.read.1.tlog
d:\github\democode\spaceinvaders\build\spaceinvaders\daniloengine\debug\daniloengine.tlog\cl.write.1.tlog
d:\github\democode\spaceinvaders\build\spaceinvaders\daniloengine\debug\daniloengine.tlog\lib-link.read.1.tlog
d:\github\democode\spaceinvaders\build\spaceinvaders\daniloengine\debug\daniloengine.tlog\lib-link.write.1.tlog
d:\github\democode\spaceinvaders\build\spaceinvaders\daniloengine\debug\daniloengine.tlog\lib.command.1.tlog
