d:\github\democode\miner\build\miner\daniloengine\debug\vc120.pdb
d:\github\democode\miner\build\miner\daniloengine\debug\vc120.idb
d:\github\democode\miner\build\miner\daniloengine\debug\audioresource.obj
d:\github\democode\miner\build\miner\daniloengine\debug\soundsystem.obj
d:\github\democode\miner\build\miner\daniloengine\debug\application.obj
d:\github\democode\miner\build\miner\daniloengine\debug\assert.obj
d:\github\democode\miner\build\miner\daniloengine\debug\entityevents.obj
d:\github\democode\miner\build\miner\daniloengine\debug\eventmanager.obj
d:\github\democode\miner\build\miner\daniloengine\debug\events.obj
d:\github\democode\miner\build\miner\daniloengine\debug\filesystemreader.obj
d:\github\democode\miner\build\miner\daniloengine\debug\gameoptions.obj
d:\github\democode\miner\build\miner\daniloengine\debug\hashedstring.obj
d:\github\democode\miner\build\miner\daniloengine\debug\resource.obj
d:\github\democode\miner\build\miner\daniloengine\debug\fontresource.obj
d:\github\democode\miner\build\miner\daniloengine\debug\fontsystem.obj
d:\github\democode\miner\build\miner\daniloengine\debug\uielements.obj
d:\github\democode\miner\build\miner\daniloengine\debug\uisystem.obj
d:\github\democode\miner\build\miner\daniloengine\debug\input.obj
d:\github\democode\miner\build\miner\daniloengine\debug\system.obj
d:\github\democode\miner\build\miner\daniloengine\debug\collisioncomponent.obj
d:\github\democode\miner\build\miner\daniloengine\debug\imageresource.obj
d:\github\democode\miner\build\miner\daniloengine\debug\rendersystem.obj
d:\github\democode\miner\build\miner\daniloengine\debug\simbinvaderslogic.obj
d:\github\democode\miner\build\miner\daniloengine\debug\usercontrolledbehaviour.obj
d:\github\democode\miner\build\miner\daniloengine\debug\entitysystem.obj
d:\github\democode\miner\build\miner\daniloengine\debug\collisionsystem.obj
d:\github\democode\miner\build\miner\daniloengine\debug\animatedspritescomponent.obj
d:\github\democode\miner\build\miner\daniloengine\debug\selectablespritescomponent.obj
d:\github\democode\miner\build\miner\daniloengine\debug\staticanimatedspritescomponent.obj
d:\github\democode\miner\build\miner\daniloengine\debug\emptybehaviour.obj
d:\github\democode\miner\build\miner\daniloengine\debug\enemybehaviour.obj
d:\github\democode\miner\build\miner\daniloengine\debug\firebehaviour.obj
d:\github\democode\miner\build\miner\daniloengine\debug\componentmanager.obj
d:\github\democode\miner\build\miner\daniloengine\debug\entity.obj
d:\github\democode\miner\build\miner\daniloengine\debug\world.obj
d:\github\democode\miner\build\miner\debug\daniloengine.lib
d:\github\democode\miner\build\miner\daniloengine\debug\daniloengine.tlog\cl.command.1.tlog
d:\github\democode\miner\build\miner\daniloengine\debug\daniloengine.tlog\cl.read.1.tlog
d:\github\democode\miner\build\miner\daniloengine\debug\daniloengine.tlog\cl.write.1.tlog
d:\github\democode\miner\build\miner\daniloengine\debug\daniloengine.tlog\lib-link.read.1.tlog
d:\github\democode\miner\build\miner\daniloengine\debug\daniloengine.tlog\lib-link.write.1.tlog
d:\github\democode\miner\build\miner\daniloengine\debug\daniloengine.tlog\lib.command.1.tlog
