Build started 1/9/2014 7:06:27 PM.
     1>Project "D:\GitHub\DemoCode\SpaceInvaders\Build\SpaceInvaders\SpaceInvaders\SpaceInvaders.vcxproj" on node 2 (Build target(s)).
     1>ClCompile:
         C:\Program Files (x86)\Microsoft Visual Studio 12.0\VC\bin\CL.exe /c /I"C:\Program Files (x86)\Visual Leak Detector\include" /ZI /nologo /W3 /WX- /sdl /Od /Oy- /D _MBCS /Gm /EHsc /RTC1 /MDd /GS /fp:precise /Zc:wchar_t /Zc:forScope /Fo"Debug\\" /Fd"Debug\vc120.pdb" /Gd /TP /analyze- /errorReport:prompt ..\..\..\Code\Source\System\ComponentManager.cpp
         ComponentManager.cpp
       Link:
         C:\Program Files (x86)\Microsoft Visual Studio 12.0\VC\bin\link.exe /ERRORREPORT:PROMPT /OUT:"D:\GitHub\DemoCode\SpaceInvaders\Build\SpaceInvaders\Debug\SpaceInvaders.exe" /INCREMENTAL /NOLOGO SDL2_ttf.lib SDL2.lib SDL2Main.lib SDL2_image.lib SDL2_mixer.lib kernel32.lib user32.lib gdi32.lib winspool.lib comdlg32.lib advapi32.lib shell32.lib ole32.lib oleaut32.lib uuid.lib odbc32.lib odbccp32.lib vld.lib kernel32.lib user32.lib gdi32.lib winspool.lib comdlg32.lib advapi32.lib shell32.lib ole32.lib oleaut32.lib uuid.lib odbc32.lib odbccp32.lib /MANIFEST /MANIFESTUAC:"level='asInvoker' uiAccess='false'" /manifest:embed /DEBUG /PDB:"D:\GitHub\DemoCode\SpaceInvaders\Build\SpaceInvaders\Debug\SpaceInvaders.pdb" /SUBSYSTEM:WINDOWS /TLBID:1 /DYNAMICBASE /NXCOMPAT /IMPLIB:"D:\GitHub\DemoCode\SpaceInvaders\Build\SpaceInvaders\Debug\SpaceInvaders.lib" /MACHINE:X86 Debug\AudioResource.obj
         Debug\Font.obj
         Debug\Input.obj
         Debug\System.obj
         Debug\CollisionComponent.obj
         Debug\CollisionSystem.obj
         Debug\AnimatedSpritesComponent.obj
         Debug\FontResource.obj
         Debug\FontSystem.obj
         Debug\ImageResource.obj
         Debug\RenderSystem.obj
         Debug\StaticAnimatedSpritesComponent.obj
         Debug\EmptyBehaviour.obj
         Debug\EnemyBehaviour.obj
         Debug\FireBehaviour.obj
         Debug\SimBinVadersLogic.obj
         Debug\UserControlledBehaviour.obj
         Debug\SoundSystem.obj
         Debug\ComponentManager.obj
         Debug\Entity.obj
         Debug\Application.obj
         Debug\Assert.obj
         Debug\EntitySystem.obj
         Debug\EventManager.obj
         Debug\Events.obj
         Debug\GameOptions.obj
         Debug\HashedString.obj
         Debug\main.obj
         Debug\Resource.obj
         Debug\UISystem.obj
     1>MSVCRTD.lib(cinitexe.obj) : warning LNK4098: defaultlib 'msvcrt.lib' conflicts with use of other libs; use /NODEFAULTLIB:library
         SpaceInvaders.vcxproj -> D:\GitHub\DemoCode\SpaceInvaders\Build\SpaceInvaders\Debug\SpaceInvaders.exe
     1>Done Building Project "D:\GitHub\DemoCode\SpaceInvaders\Build\SpaceInvaders\SpaceInvaders\SpaceInvaders.vcxproj" (Build target(s)).

Build succeeded.

Time Elapsed 00:00:01.28
