d:\github\democode\miner\build\miner\daniloengine\release\vc120.pdb
d:\github\democode\miner\build\miner\daniloengine\release\entity.obj
d:\github\democode\miner\build\miner\daniloengine\release\componentmanager.obj
d:\github\democode\miner\build\miner\daniloengine\release\assert.obj
d:\github\democode\miner\build\miner\daniloengine\release\application.obj
d:\github\democode\miner\build\miner\daniloengine\release\soundsystem.obj
d:\github\democode\miner\build\miner\daniloengine\release\audioresource.obj
d:\github\democode\miner\build\miner\daniloengine\release\physicssystem.obj
d:\github\democode\miner\build\miner\daniloengine\release\collisioncomponent.obj
d:\github\democode\miner\build\miner\daniloengine\release\usercontrolledbehaviour.obj
d:\github\democode\miner\build\miner\daniloengine\release\gamelogic.obj
d:\github\democode\miner\build\miner\daniloengine\release\firebehaviour.obj
d:\github\democode\miner\build\miner\daniloengine\release\enemybehaviour.obj
d:\github\democode\miner\build\miner\daniloengine\release\emptybehaviour.obj
d:\github\democode\miner\build\miner\daniloengine\release\staticanimatedspritescomponent.obj
d:\github\democode\miner\build\miner\daniloengine\release\selectablespritescomponent.obj
d:\github\democode\miner\build\miner\daniloengine\release\rendersystem.obj
d:\github\democode\miner\build\miner\daniloengine\release\imageresource.obj
d:\github\democode\miner\build\miner\daniloengine\release\animatedspritescomponent.obj
d:\github\democode\miner\build\miner\daniloengine\release\system.obj
d:\github\democode\miner\build\miner\daniloengine\release\input.obj
d:\github\democode\miner\build\miner\daniloengine\release\uisystem.obj
d:\github\democode\miner\build\miner\daniloengine\release\uielements.obj
d:\github\democode\miner\build\miner\daniloengine\release\fontsystem.obj
d:\github\democode\miner\build\miner\daniloengine\release\fontresource.obj
d:\github\democode\miner\build\miner\daniloengine\release\world.obj
d:\github\democode\miner\build\miner\daniloengine\release\resource.obj
d:\github\democode\miner\build\miner\daniloengine\release\hashedstring.obj
d:\github\democode\miner\build\miner\daniloengine\release\filesystemreader.obj
d:\github\democode\miner\build\miner\daniloengine\release\events.obj
d:\github\democode\miner\build\miner\daniloengine\release\eventmanager.obj
d:\github\democode\miner\build\miner\daniloengine\release\entitysystem.obj
d:\github\democode\miner\build\miner\daniloengine\release\entityevents.obj
d:\github\democode\miner\build\miner\release\daniloengine.lib
d:\github\democode\miner\build\miner\daniloengine\release\daniloengine.tlog\cl.command.1.tlog
d:\github\democode\miner\build\miner\daniloengine\release\daniloengine.tlog\cl.read.1.tlog
d:\github\democode\miner\build\miner\daniloengine\release\daniloengine.tlog\cl.write.1.tlog
d:\github\democode\miner\build\miner\daniloengine\release\daniloengine.tlog\lib-link.read.1.tlog
d:\github\democode\miner\build\miner\daniloengine\release\daniloengine.tlog\lib-link.write.1.tlog
d:\github\democode\miner\build\miner\daniloengine\release\daniloengine.tlog\lib.command.1.tlog
